\BOOKMARK [1][-]{section.1}{\376\377\000I\000n\000t\000r\000o\000d\000u\000c\000c\000i\000\363\000n}{}% 1
\BOOKMARK [1][-]{section.2}{\376\377\000M\000o\000d\000e\000l\000o}{}% 2
\BOOKMARK [2][-]{subsection.2.1}{\376\377\000C\000o\000n\000t\000r\000a\000c\000t\000i\000l\000e\000\040\000P\000a\000r\000t\000i\000c\000l\000e\000\040\000M\000o\000d\000e\000l}{section.2}% 3
\BOOKMARK [2][-]{subsection.2.2}{\376\377\000H\000e\000u\000r\000\355\000s\000t\000i\000c\000a\000\040\000d\000e\000\040\000N\000a\000v\000e\000g\000a\000c\000i\000\363\000n}{section.2}% 4
\BOOKMARK [1][-]{section.3}{\376\377\000I\000m\000p\000l\000e\000m\000e\000n\000t\000a\000c\000i\000\363\000n}{}% 5
\BOOKMARK [2][-]{subsection.3.1}{\376\377\000D\000i\000a\000g\000r\000a\000m\000a\000\040\000U\000M\000L}{section.3}% 6
\BOOKMARK [2][-]{subsection.3.2}{\376\377\000E\000v\000o\000l\000u\000c\000i\000\363\000n\000\040\000T\000e\000m\000p\000o\000r\000a\000l}{section.3}% 7
\BOOKMARK [2][-]{subsection.3.3}{\376\377\000M\000e\000c\000a\000n\000i\000s\000m\000o\000\040\000d\000e\000\040\000E\000s\000c\000a\000p\000e}{section.3}% 8
\BOOKMARK [2][-]{subsection.3.4}{\376\377\000S\000e\000l\000e\000c\000c\000i\000\363\000n\000\040\000d\000e\000\040\000P\000u\000e\000r\000t\000a}{section.3}% 9
\BOOKMARK [2][-]{subsection.3.5}{\376\377\000C\000o\000n\000d\000i\000c\000i\000\363\000n\000\040\000d\000e\000\040\000E\000s\000c\000a\000p\000e}{section.3}% 10
\BOOKMARK [1][-]{section.4}{\376\377\000S\000i\000m\000u\000l\000a\000c\000i\000o\000n\000e\000s}{}% 11
\BOOKMARK [1][-]{section.5}{\376\377\000O\000b\000s\000e\000r\000v\000a\000b\000l\000e\000s}{}% 12
\BOOKMARK [2][-]{subsection.5.1}{\376\377\000T\000i\000e\000m\000p\000o\000\040\000d\000e\000\040\000E\000v\000a\000c\000u\000a\000c\000i\000\363\000n}{section.5}% 13
\BOOKMARK [2][-]{subsection.5.2}{\376\377\000C\000a\000u\000d\000a\000l}{section.5}% 14
\BOOKMARK [2][-]{subsection.5.3}{\376\377\000D\000e\000n\000s\000i\000d\000a\000d\000\040\000M\000e\000d\000i\000a}{section.5}% 15
\BOOKMARK [2][-]{subsection.5.4}{\376\377\000C\000o\000e\000f\000i\000c\000i\000e\000n\000t\000e\000\040\000d\000e\000\040\000U\000n\000i\000f\000o\000r\000m\000i\000d\000a\000d}{section.5}% 16
\BOOKMARK [1][-]{section.6}{\376\377\000R\000e\000s\000u\000l\000t\000a\000d\000o\000s}{}% 17
\BOOKMARK [2][-]{subsection.6.1}{\376\377\000E\000s\000t\000a\000d\000o\000s\000\040\000d\000e\000\040\000l\000a\000s\000\040\000a\000n\000i\000m\000a\000c\000i\000o\000n\000e\000s}{section.6}% 18
\BOOKMARK [2][-]{subsection.6.2}{\376\377\000A\000n\000\341\000l\000i\000s\000i\000s\000\040\000d\000e\000l\000\040\000T\000i\000e\000m\000p\000o\000\040\000d\000e\000\040\000E\000v\000a\000c\000u\000a\000c\000i\000\363\000n\000\040\000e\000n\000\040\000f\000u\000n\000c\000i\000\363\000n\000\040\000d\000e\000l\000\040\000p\000a\000r\000\341\000m\000e\000t\000r\000o\000\040\000d\000e\000\040\000p\000o\000n\000d\000e\000r\000a\000c\000i\000\363\000n\000\040\000\050\000p\000\051\000,\000\040\000p\000a\000r\000a\000\040\000c\000t\000=\0004\0005}{section.6}% 19
\BOOKMARK [2][-]{subsection.6.3}{\376\377\000A\000n\000\341\000l\000i\000s\000i\000s\000\040\000d\000e\000l\000\040\000F\000l\000u\000j\000o\000\040\000A\000c\000u\000m\000u\000l\000a\000d\000o\000\040\000d\000e\000\040\000E\000v\000a\000c\000u\000a\000c\000i\000\363\000n}{section.6}% 20
\BOOKMARK [3][-]{subsubsection.6.3.1}{\376\377\000C\000a\000s\000o\000\040\000p\000=\0001\000.\0000\0000\000:\000\040\000P\000r\000i\000o\000r\000i\000z\000a\000n\000d\000o\000\040\000l\000a\000\040\000D\000i\000s\000t\000a\000n\000c\000i\000a}{subsection.6.3}% 21
\BOOKMARK [3][-]{subsubsection.6.3.2}{\376\377\000C\000a\000s\000o\000\040\000p\000=\0000\000.\0005\0000\000:\000\040\000B\000a\000l\000a\000n\000c\000e\000\040\000e\000n\000t\000r\000e\000\040\000D\000i\000s\000t\000a\000n\000c\000i\000a\000\040\000y\000\040\000D\000e\000n\000s\000i\000d\000a\000d}{subsection.6.3}% 22
\BOOKMARK [3][-]{subsubsection.6.3.3}{\376\377\000C\000a\000s\000o\000\040\000p\000=\0000\000.\0000\0000\000:\000\040\000P\000r\000i\000o\000r\000i\000z\000a\000n\000d\000o\000\040\000l\000a\000\040\000D\000e\000n\000s\000i\000d\000a\000d}{subsection.6.3}% 23
\BOOKMARK [2][-]{subsection.6.4}{\376\377\000A\000n\000\341\000l\000i\000s\000i\000s\000\040\000d\000e\000l\000\040\000C\000a\000u\000d\000a\000l\000\040\000d\000e\000\040\000P\000a\000r\000t\000\355\000c\000u\000l\000a\000s}{section.6}% 24
\BOOKMARK [3][-]{subsubsection.6.4.1}{\376\377\000C\000a\000u\000d\000a\000l\000\040\000e\000n\000\040\000f\000u\000n\000c\000i\000\363\000n\000\040\000d\000e\000\040\000p}{subsection.6.4}% 25
\BOOKMARK [3][-]{subsubsection.6.4.2}{\376\377\000C\000a\000u\000d\000a\000l\000\040\000p\000a\000r\000a\000\040\000p\000\040\000=\000\040\0001\000.\0000\0000}{subsection.6.4}% 26
\BOOKMARK [3][-]{subsubsection.6.4.3}{\376\377\000C\000a\000u\000d\000a\000l\000\040\000p\000a\000r\000a\000\040\000p\000\040\000=\000\040\0000\000.\0005\0000}{subsection.6.4}% 27
\BOOKMARK [3][-]{subsubsection.6.4.4}{\376\377\000C\000a\000u\000d\000a\000l\000\040\000p\000a\000r\000a\000\040\000p\000\040\000=\000\040\0000\000.\0000\0000}{subsection.6.4}% 28
\BOOKMARK [3][-]{subsubsection.6.4.5}{\376\377\000D\000e\000n\000s\000i\000d\000a\000d\000\040\000e\000n\000\040\000f\000u\000n\000c\000i\000\363\000n\000\040\000d\000e\000\040\000p}{subsection.6.4}% 29
\BOOKMARK [2][-]{subsection.6.5}{\376\377\000A\000n\000\341\000l\000i\000s\000i\000s\000\040\000d\000e\000\040\000D\000e\000n\000s\000i\000d\000a\000d\000e\000s\000\040\000p\000o\000r\000\040\000P\000u\000e\000r\000t\000a}{section.6}% 30
\BOOKMARK [3][-]{subsubsection.6.5.1}{\376\377\000E\000s\000c\000e\000n\000a\000r\000i\000o\000\040\0001\000:\000\040\000p\000\040\000=\000\040\0001\000.\0000\0000\000\040\000\050\000P\000r\000i\000o\000r\000i\000d\000a\000d\000\040\000T\000o\000t\000a\000l\000\040\000a\000\040\000l\000a\000\040\000D\000i\000s\000t\000a\000n\000c\000i\000a\000\051}{subsection.6.5}% 31
\BOOKMARK [3][-]{subsubsection.6.5.2}{\376\377\000E\000s\000c\000e\000n\000a\000r\000i\000o\000\040\0002\000:\000\040\000p\000\040\000=\000\040\0000\000.\0005\0000\000\040\000\050\000B\000a\000l\000a\000n\000c\000e\000\040\000e\000n\000t\000r\000e\000\040\000D\000i\000s\000t\000a\000n\000c\000i\000a\000\040\000y\000\040\000D\000e\000n\000s\000i\000d\000a\000d\000\051}{subsection.6.5}% 32
\BOOKMARK [3][-]{subsubsection.6.5.3}{\376\377\000E\000s\000c\000e\000n\000a\000r\000i\000o\000\040\0003\000:\000\040\000p\000\040\000=\000\040\0000\000.\0000\0000\000\040\000\050\000P\000r\000i\000o\000r\000i\000d\000a\000d\000\040\000T\000o\000t\000a\000l\000\040\000a\000\040\000l\000a\000\040\000D\000e\000n\000s\000i\000d\000a\000d\000\051}{subsection.6.5}% 33
\BOOKMARK [3][-]{subsubsection.6.5.4}{\376\377\000C\000o\000e\000f\000i\000c\000i\000e\000n\000t\000e\000\040\000d\000e\000\040\000u\000n\000i\000f\000o\000r\000m\000i\000d\000a\000d\000\040\000e\000n\000\040\000f\000u\000n\000c\000i\000\363\000n\000\040\000d\000e\000\040\000p}{subsection.6.5}% 34
\BOOKMARK [2][-]{subsection.6.6}{\376\377\000A\000n\000\341\000l\000i\000s\000i\000s\000\040\000d\000e\000l\000\040\000T\000i\000e\000m\000p\000o\000\040\000d\000e\000\040\000E\000v\000a\000c\000u\000a\000c\000i\000\363\000n\000\040\000e\000n\000\040\000f\000u\000n\000c\000i\000\363\000n\000\040\000d\000e\000l\000\040\000T\000i\000e\000m\000p\000o\000\040\000d\000e\000\040\000R\000e\000-\000d\000e\000c\000i\000s\000i\000\363\000n}{section.6}% 35
\BOOKMARK [3][-]{subsubsection.6.6.1}{\376\377\000C\000a\000u\000d\000a\000l\000\040\000e\000n\000\040\000f\000u\000n\000c\000i\000\363\000n\000\040\000d\000e\000\040\000c\000t}{subsection.6.6}% 36
\BOOKMARK [3][-]{subsubsection.6.6.2}{\376\377\000D\000e\000n\000s\000i\000d\000a\000d\000\040\000e\000n\000\040\000f\000u\000n\000c\000i\000\363\000n\000\040\000d\000e\000\040\000c\000t}{subsection.6.6}% 37
\BOOKMARK [3][-]{subsubsection.6.6.3}{\376\377\000C\000o\000e\000f\000i\000c\000i\000e\000n\000t\000e\000\040\000d\000e\000\040\000u\000n\000i\000f\000o\000r\000m\000i\000d\000a\000d\000\040\000e\000n\000\040\000f\000u\000n\000c\000i\000\363\000n\000\040\000d\000e\000\040\000c\000t}{subsection.6.6}% 38
\BOOKMARK [1][-]{section.7}{\376\377\000C\000o\000n\000c\000l\000u\000s\000i\000o\000n\000e\000s}{}% 39
\BOOKMARK [1][-]{section.8}{\376\377\000R\000e\000f\000e\000r\000e\000n\000c\000i\000a\000s}{}% 40
